<?xml version="1.0" encoding="UTF-8"?>
<testng-results ignored="0" total="3" passed="3" failed="0" skipped="0">
  <reporter-output>
  </reporter-output>
  <suite started-at="2020-11-25T23:00:23 PKT" name="nopcommerce_app" finished-at="2020-11-25T23:01:15 PKT" duration-ms="52291">
    <groups>
    </groups>
    <test started-at="2020-11-25T23:00:23 PKT" name="edgetest" finished-at="2020-11-25T23:01:09 PKT" duration-ms="46732">
      <class name="com.nopcommerce_app.testCases.TC_LoginTest_001">
        <test-method is-config="true" signature="setup(java.lang.String)[pri:0, instance:com.nopcommerce_app.testCases.TC_LoginTest_001@61884cb1]" started-at="2020-11-25T23:00:23 PKT" name="setup" finished-at="2020-11-25T23:00:38 PKT" duration-ms="15454" status="PASS">
          <params>
            <param index="0">
              <value>
                <![CDATA[edge]]>
              </value>
            </param>
          </params>
          <reporter-output>
          </reporter-output>
        </test-method> <!-- setup -->
        <test-method signature="loginTest()[pri:0, instance:com.nopcommerce_app.testCases.TC_LoginTest_001@61884cb1]" started-at="2020-11-25T23:00:38 PKT" name="loginTest" finished-at="2020-11-25T23:01:09 PKT" duration-ms="30454" status="PASS">
          <reporter-output>
          </reporter-output>
        </test-method> <!-- loginTest -->
        <test-method is-config="true" signature="tearDown()[pri:0, instance:com.nopcommerce_app.testCases.TC_LoginTest_001@61884cb1]" started-at="2020-11-25T23:01:09 PKT" name="tearDown" finished-at="2020-11-25T23:01:09 PKT" duration-ms="758" status="PASS">
          <reporter-output>
          </reporter-output>
        </test-method> <!-- tearDown -->
      </class> <!-- com.nopcommerce_app.testCases.TC_LoginTest_001 -->
    </test> <!-- edgetest -->
    <test started-at="2020-11-25T23:00:23 PKT" name="firefoxtest" finished-at="2020-11-25T23:01:10 PKT" duration-ms="47496">
      <class name="com.nopcommerce_app.testCases.TC_LoginTest_001">
        <test-method is-config="true" signature="setup(java.lang.String)[pri:0, instance:com.nopcommerce_app.testCases.TC_LoginTest_001@192d74fb]" started-at="2020-11-25T23:00:23 PKT" name="setup" finished-at="2020-11-25T23:00:51 PKT" duration-ms="28144" status="PASS">
          <params>
            <param index="0">
              <value>
                <![CDATA[firefox]]>
              </value>
            </param>
          </params>
          <reporter-output>
          </reporter-output>
        </test-method> <!-- setup -->
        <test-method signature="loginTest()[pri:0, instance:com.nopcommerce_app.testCases.TC_LoginTest_001@192d74fb]" started-at="2020-11-25T23:00:51 PKT" name="loginTest" finished-at="2020-11-25T23:01:05 PKT" duration-ms="13732" status="PASS">
          <reporter-output>
          </reporter-output>
        </test-method> <!-- loginTest -->
        <test-method is-config="true" signature="tearDown()[pri:0, instance:com.nopcommerce_app.testCases.TC_LoginTest_001@192d74fb]" started-at="2020-11-25T23:01:05 PKT" name="tearDown" finished-at="2020-11-25T23:01:10 PKT" duration-ms="5479" status="PASS">
          <reporter-output>
          </reporter-output>
        </test-method> <!-- tearDown -->
      </class> <!-- com.nopcommerce_app.testCases.TC_LoginTest_001 -->
    </test> <!-- firefoxtest -->
    <test started-at="2020-11-25T23:00:23 PKT" name="chrometest" finished-at="2020-11-25T23:01:15 PKT" duration-ms="52291">
      <class name="com.nopcommerce_app.testCases.TC_LoginTest_001">
        <test-method is-config="true" signature="setup(java.lang.String)[pri:0, instance:com.nopcommerce_app.testCases.TC_LoginTest_001@ea9b7c6]" started-at="2020-11-25T23:00:23 PKT" name="setup" finished-at="2020-11-25T23:00:33 PKT" duration-ms="10605" status="PASS">
          <params>
            <param index="0">
              <value>
                <![CDATA[chrome]]>
              </value>
            </param>
          </params>
          <reporter-output>
          </reporter-output>
        </test-method> <!-- setup -->
        <test-method signature="loginTest()[pri:0, instance:com.nopcommerce_app.testCases.TC_LoginTest_001@ea9b7c6]" started-at="2020-11-25T23:00:33 PKT" name="loginTest" finished-at="2020-11-25T23:01:15 PKT" duration-ms="41182" status="PASS">
          <reporter-output>
          </reporter-output>
        </test-method> <!-- loginTest -->
        <test-method is-config="true" signature="tearDown()[pri:0, instance:com.nopcommerce_app.testCases.TC_LoginTest_001@ea9b7c6]" started-at="2020-11-25T23:01:15 PKT" name="tearDown" finished-at="2020-11-25T23:01:15 PKT" duration-ms="401" status="PASS">
          <reporter-output>
          </reporter-output>
        </test-method> <!-- tearDown -->
      </class> <!-- com.nopcommerce_app.testCases.TC_LoginTest_001 -->
    </test> <!-- chrometest -->
  </suite> <!-- nopcommerce_app -->
</testng-results>
